2021-5-11 15:53:20, 21.20, 58.30
2021-5-11 15:53:23, 21.20, 58.30
2021-5-11 15:53:26, 21.20, 58.30
2021-5-11 15:53:29, 21.20, 58.30
2021-5-11 15:53:32, 21.20, 58.30
2021-5-11 15:53:35, 21.20, 58.30
2021-5-11 15:53:38, 21.20, 58.30
2021-5-11 15:53:41, 21.20, 58.40
2021-5-11 15:53:44, 21.20, 58.40
2021-5-11 15:53:47, 21.20, 58.40
2021-5-11 15:53:50, 21.20, 58.40
2021-5-11 15:53:53, 21.20, 58.40
2021-5-11 15:53:56, 21.20, 58.40
2021-5-11 15:53:59, 21.20, 58.40
2021-5-11 15:54:2, 21.20, 58.40
2021-5-11 15:54:5, 21.20, 59.40
2021-5-11 15:54:8, 21.20, 60.30
2021-5-11 15:54:11, 21.20, 60.30
2021-5-11 15:54:14, 21.20, 60.00
2021-5-11 15:54:17, 21.20, 59.90
2021-5-11 15:54:20, 21.20, 59.70
2021-5-11 15:54:23, 21.20, 59.50
2021-5-11 15:54:26, 21.20, 59.30
2021-5-11 15:54:29, 21.20, 59.10
2021-5-11 15:54:32, 21.20, 59.00
2021-5-11 15:54:35, 21.20, 58.90
2021-5-11 15:54:38, 21.30, 58.80
2021-5-11 15:54:41, 21.30, 58.80
2021-5-11 15:54:44, 21.30, 58.70
2021-5-11 15:54:47, 21.30, 58.70
2021-5-11 15:54:50, 21.30, 58.70
2021-5-11 15:54:53, 21.30, 58.60
2021-5-11 15:54:56, 21.30, 58.60
2021-5-11 15:54:59, 21.30, 58.60
2021-5-11 15:55:2, 21.30, 58.50
2021-5-11 15:55:5, 21.30, 58.50
2021-5-11 15:55:8, 21.30, 58.50
2021-5-11 15:55:11, 21.30, 58.50
2021-5-11 15:55:15, 21.30, 58.40
2021-5-11 15:55:18, 21.30, 58.40
2021-5-11 15:55:21, 21.30, 58.40
2021-5-11 15:55:24, 21.30, 58.30
2021-5-11 15:55:27, 21.30, 58.30
2021-5-11 15:55:30, 21.40, 58.30
2021-5-11 15:55:33, 21.40, 58.20
2021-5-11 15:55:36, 21.40, 58.20
2021-5-11 15:55:39, 21.40, 58.20
2021-5-11 15:55:42, 21.40, 58.20
2021-5-11 15:55:45, 21.40, 58.10
2021-5-11 15:55:48, 21.40, 58.10
2021-5-11 15:55:51, 21.40, 58.10
2021-5-11 15:55:54, 21.40, 58.10
2021-5-11 15:55:57, 21.40, 58.10
2021-5-11 15:56:0, 21.40, 58.00
2021-5-11 15:56:3, 21.40, 58.00
2021-5-11 15:56:6, 21.40, 58.00
2021-5-11 15:56:9, 21.40, 58.00
2021-5-11 15:56:12, 21.40, 58.00
2021-5-11 15:56:15, 21.40, 57.90
2021-5-11 15:56:18, 21.40, 57.90
2021-5-11 15:56:21, 21.40, 57.90
2021-5-11 15:56:24, 21.40, 57.90
2021-5-11 15:56:27, 21.40, 57.80
2021-5-11 15:56:30, 21.40, 57.80
2021-5-11 15:56:33, 21.50, 57.80
2021-5-11 15:56:36, 21.50, 57.80
2021-5-11 15:56:39, 21.50, 58.00
2021-5-11 15:56:42, 21.50, 58.20
2021-5-11 15:56:45, 21.50, 58.20
2021-5-11 15:56:48, 21.50, 58.20
2021-5-11 15:56:51, 21.50, 58.10
2021-5-11 15:56:54, 21.50, 58.00
2021-5-11 15:56:57, 21.50, 57.90
2021-5-11 15:57:0, 21.50, 57.80
2021-5-11 15:57:3, 21.50, 57.80
2021-5-11 15:57:6, 21.50, 57.80
2021-5-11 15:57:9, 21.50, 57.70
2021-5-11 15:57:12, 21.50, 57.70
2021-5-11 15:57:15, 21.50, 57.70
2021-5-11 15:57:18, 21.50, 57.70
2021-5-11 15:57:21, 21.50, 57.70
2021-5-11 15:57:24, 21.50, 57.70
2021-5-11 15:57:27, 21.50, 57.70
2021-5-11 15:57:30, 21.50, 57.60
2021-5-11 15:57:33, 21.50, 57.60
2021-5-11 15:57:36, 21.50, 57.60
2021-5-11 15:57:39, 21.50, 57.50
2021-5-11 15:57:42, 21.50, 57.50
2021-5-11 15:57:45, 21.50, 57.50
2021-5-11 15:57:48, 21.50, 57.50
2021-5-11 15:57:51, 21.50, 57.50
2021-5-11 15:57:54, 21.50, 57.40
2021-5-11 15:57:57, 21.60, 57.40
2021-5-11 15:58:0, 21.60, 57.40
2021-5-11 15:58:3, 21.60, 57.40
2021-5-11 15:58:6, 21.60, 57.40
2021-5-11 15:58:9, 21.60, 57.40
2021-5-11 15:58:12, 21.60, 57.30
2021-5-11 15:58:15, 21.60, 57.30
2021-5-11 15:58:18, 21.60, 57.30
2021-5-11 15:58:21, 21.60, 57.30
2021-5-11 15:58:24, 21.60, 57.30
2021-5-11 15:58:27, 21.60, 57.30
2021-5-11 15:58:30, 21.60, 57.30
2021-5-11 15:58:33, 21.60, 57.30
2021-5-11 15:58:36, 21.60, 57.30
2021-5-11 15:58:39, 21.60, 57.30
2021-5-11 15:58:42, 21.60, 57.30
2021-5-11 15:58:45, 21.60, 57.30
2021-5-11 15:58:48, 21.60, 57.30
2021-5-11 15:58:51, 21.60, 57.30
2021-5-11 15:58:54, 21.60, 57.30
2021-5-11 15:58:57, 21.60, 57.30
2021-5-11 15:59:0, 21.60, 57.30
2021-5-11 15:59:3, 21.60, 57.30
2021-5-11 15:59:6, 21.60, 57.30
2021-5-11 15:59:9, 21.60, 57.30
2021-5-11 15:59:12, 21.60, 57.20
2021-5-11 15:59:15, 21.60, 57.20
2021-5-11 15:59:18, 21.60, 57.20
2021-5-11 15:59:21, 21.60, 57.20
2021-5-11 15:59:24, 21.60, 57.20
2021-5-11 15:59:27, 21.60, 57.10
2021-5-11 15:59:30, 21.60, 57.10
2021-5-11 15:59:33, 21.60, 57.10
2021-5-11 15:59:36, 21.60, 57.10
2021-5-11 15:59:39, 21.60, 57.10
2021-5-11 15:59:42, 21.60, 57.10
2021-5-11 15:59:45, 21.60, 57.10
2021-5-11 15:59:48, 21.60, 57.10
2021-5-11 15:59:51, 21.60, 57.10
2021-5-11 15:59:54, 21.60, 57.10
2021-5-11 15:59:57, 21.60, 57.10
2021-5-11 16:0:0, 21.60, 57.00
2021-5-11 16:0:3, 21.60, 57.00
2021-5-11 16:0:6, 21.60, 57.00
2021-5-11 16:0:9, 21.70, 57.00
2021-5-11 16:0:12, 21.60, 57.00
2021-5-11 16:0:15, 21.70, 57.00
2021-5-11 16:0:18, 21.70, 56.90
2021-5-11 16:0:21, 21.70, 56.90
2021-5-11 16:0:24, 21.70, 56.90
2021-5-11 16:0:27, 21.70, 56.90
2021-5-11 16:0:30, 21.70, 56.90
2021-5-11 16:0:33, 21.70, 56.90
2021-5-11 16:0:36, 21.70, 57.00
2021-5-11 16:0:39, 21.70, 57.00
2021-5-11 16:0:42, 21.70, 57.00
2021-5-11 16:0:45, 21.70, 57.00
2021-5-11 16:0:48, 21.70, 57.00
2021-5-11 16:0:51, 21.70, 57.00
2021-5-11 16:0:54, 21.70, 57.00
2021-5-11 16:0:57, 21.70, 57.00
2021-5-11 16:1:0, 21.70, 57.00
2021-5-11 16:1:3, 21.70, 57.00
2021-5-11 16:1:6, 21.70, 57.00
2021-5-11 16:1:9, 21.70, 57.00
2021-5-11 16:1:12, 21.70, 57.00
2021-5-11 16:1:15, 21.70, 57.00
2021-5-11 16:1:18, 21.70, 57.40
2021-5-11 16:1:21, 21.70, 57.90
2021-5-11 16:1:24, 21.70, 58.00
2021-5-11 16:1:27, 21.70, 58.00
2021-5-11 16:1:30, 21.70, 57.90
2021-5-11 16:1:33, 21.70, 57.70
2021-5-11 16:1:36, 21.70, 57.60
2021-5-11 16:1:39, 21.70, 57.40
2021-5-11 16:1:42, 21.70, 57.30
2021-5-11 16:1:45, 21.70, 57.20
2021-5-11 16:1:48, 21.70, 57.20
2021-5-11 16:1:51, 21.70, 57.10
2021-5-11 16:1:54, 21.70, 57.00
2021-5-11 16:1:57, 21.70, 57.00
2021-5-11 16:2:0, 21.70, 56.90
2021-5-11 16:2:3, 21.70, 56.90
2021-5-11 16:2:6, 21.70, 56.90
2021-5-11 16:2:9, 21.70, 56.90
2021-5-11 16:2:12, 21.70, 56.80
2021-5-11 16:2:15, 21.70, 56.80
2021-5-11 16:2:18, 21.70, 56.80
2021-5-11 16:2:22, 21.70, 56.80
2021-5-11 16:2:25, 21.70, 56.70
2021-5-11 16:2:28, 21.70, 56.70
2021-5-11 16:2:31, 21.70, 56.70
2021-5-11 16:2:34, 21.70, 56.70
2021-5-11 16:2:37, 21.70, 56.70
2021-5-11 16:2:40, 21.70, 56.60
2021-5-11 16:2:43, 21.70, 56.60
2021-5-11 16:2:46, 21.70, 56.60
2021-5-11 16:2:49, 21.70, 56.60
2021-5-11 16:2:52, 21.70, 56.60
2021-5-11 16:2:55, 21.70, 56.60
2021-5-11 16:2:58, 21.70, 56.60
2021-5-11 16:3:1, 21.70, 56.60
2021-5-11 16:3:4, 21.70, 56.60
2021-5-11 16:3:7, 21.70, 56.50
2021-5-11 16:3:10, 21.70, 56.50
2021-5-11 16:3:13, 21.70, 56.50
2021-5-11 16:3:16, 21.70, 56.50
2021-5-11 16:3:19, 21.70, 56.50
2021-5-11 16:3:22, 21.70, 56.50
2021-5-11 16:3:25, 21.70, 56.50
2021-5-11 16:3:28, 21.70, 56.50
2021-5-11 16:3:31, 21.70, 56.50
2021-5-11 16:3:34, 21.70, 56.50
2021-5-11 16:3:37, 21.70, 56.50
2021-5-11 16:3:40, 21.70, 56.40
2021-5-11 16:3:43, 21.70, 56.50
2021-5-11 16:3:46, 21.70, 56.50
2021-5-11 16:3:49, 21.70, 56.50
2021-5-11 16:3:52, 21.70, 56.50
2021-5-11 16:3:55, 21.70, 56.40
2021-5-11 16:3:58, 21.70, 56.40
2021-5-11 16:4:1, 21.70, 56.40
2021-5-11 16:4:4, 21.70, 56.40
2021-5-11 16:4:7, 21.70, 56.40
2021-5-11 16:4:10, 21.70, 56.40
2021-5-11 16:4:13, 21.70, 56.40
2021-5-11 16:4:16, 21.70, 56.40
2021-5-11 16:4:19, 21.70, 56.40
2021-5-11 16:4:22, 21.70, 56.40
2021-5-11 16:4:25, 21.70, 56.40
2021-5-11 16:4:28, 21.70, 56.40
2021-5-11 16:4:31, 21.70, 56.40
2021-5-11 16:4:34, 21.70, 57.00
2021-5-11 16:4:37, 21.70, 57.40
2021-5-11 16:4:40, 21.70, 57.60
2021-5-11 16:4:43, 21.70, 57.70
2021-5-11 16:4:46, 21.70, 57.70
2021-5-11 16:4:49, 21.70, 57.60
2021-5-11 16:4:52, 21.70, 57.50
2021-5-11 16:4:55, 21.70, 57.40
2021-5-11 16:4:58, 21.70, 57.20
2021-5-11 16:5:1, 21.70, 57.10
2021-5-11 16:5:4, 21.70, 57.10
2021-5-11 16:5:7, 21.70, 57.00
2021-5-11 16:5:10, 21.70, 56.90
2021-5-11 16:5:13, 21.70, 56.90
2021-5-11 16:5:16, 21.70, 56.80
2021-5-11 16:5:19, 21.70, 56.80
2021-5-11 16:5:22, 21.70, 56.70
2021-5-11 16:5:25, 21.70, 56.70
2021-5-11 16:5:28, 21.70, 56.70
2021-5-11 16:5:31, 21.70, 56.60
2021-5-11 16:5:34, 21.70, 56.60
2021-5-11 16:5:37, 21.70, 56.60
2021-5-11 16:5:40, 21.70, 56.60
2021-5-11 16:5:43, 21.70, 56.60
2021-5-11 16:5:46, 21.70, 56.60
2021-5-11 16:5:49, 21.70, 56.60
2021-5-11 16:5:52, 21.70, 56.60
2021-5-11 16:5:55, 21.70, 56.60
2021-5-11 16:5:58, 21.70, 56.60
2021-5-11 16:6:1, 21.70, 56.60
2021-5-11 16:6:4, 21.70, 56.60
2021-5-11 16:6:7, 21.70, 56.60
2021-5-11 16:6:10, 21.70, 56.50
2021-5-11 16:6:13, 21.70, 56.60
2021-5-11 16:6:16, 21.70, 56.50
2021-5-11 16:6:19, 21.70, 56.50
2021-5-11 16:6:22, 21.70, 56.60
2021-5-11 16:6:25, 21.70, 56.60
2021-5-11 16:6:28, 21.70, 56.50
2021-5-11 16:6:31, 21.70, 56.50
2021-5-11 16:6:34, 21.70, 56.60
2021-5-11 16:6:37, 21.70, 56.60
2021-5-11 16:6:40, 21.70, 56.80
2021-5-11 16:6:43, 21.70, 57.00
2021-5-11 16:6:46, 21.70, 57.00
2021-5-11 16:6:49, 21.70, 57.10
2021-5-11 16:6:52, 21.70, 57.00
2021-5-11 16:6:55, 21.70, 57.00
2021-5-11 16:6:58, 21.70, 56.90
2021-5-11 16:7:1, 21.70, 56.90
2021-5-11 16:7:4, 21.70, 56.80
2021-5-11 16:7:7, 21.70, 56.80
2021-5-11 16:7:10, 21.70, 56.70
2021-5-11 16:7:13, 21.70, 56.70
2021-5-11 16:7:16, 21.70, 56.70
2021-5-11 16:7:19, 21.70, 56.60
2021-5-11 16:7:22, 21.70, 56.60
2021-5-11 16:7:25, 21.70, 56.60
2021-5-11 16:7:28, 21.70, 56.60
2021-5-11 16:7:31, 21.70, 56.60
2021-5-11 16:7:34, 21.70, 56.60
2021-5-11 16:7:37, 21.70, 56.60
2021-5-11 16:7:40, 21.70, 56.50
2021-5-11 16:7:43, 21.70, 56.50
2021-5-11 16:7:46, 21.70, 56.50
2021-5-11 16:7:49, 21.70, 56.50
2021-5-11 16:7:52, 21.70, 56.50
2021-5-11 16:7:55, 21.70, 56.50
2021-5-11 16:7:58, 21.70, 56.50
2021-5-11 16:8:1, 21.70, 56.50
2021-5-11 16:8:4, 21.70, 56.50
2021-5-11 16:8:7, 21.70, 56.50
2021-5-11 16:8:10, 21.70, 56.50
2021-5-11 16:8:13, 21.70, 56.50
2021-5-11 16:8:16, 21.70, 56.50
2021-5-11 16:8:19, 21.70, 56.50
2021-5-11 16:8:22, 21.70, 56.50
2021-5-11 16:8:25, 21.70, 56.50
2021-5-11 16:8:28, 21.70, 56.50
2021-5-11 16:8:31, 21.70, 56.50
2021-5-11 16:8:34, 21.70, 56.50
2021-5-11 16:8:37, 21.70, 56.50
2021-5-11 16:8:40, 21.70, 56.50
2021-5-11 16:8:43, 21.70, 56.50
2021-5-11 16:8:46, 21.70, 56.50
2021-5-11 16:8:49, 21.70, 56.50
2021-5-11 16:8:52, 21.70, 56.50
2021-5-11 16:8:55, 21.70, 56.50
2021-5-11 16:8:58, 21.70, 56.50
2021-5-11 16:9:1, 21.70, 56.50
2021-5-11 16:9:4, 21.70, 56.50
2021-5-11 16:9:7, 21.70, 56.50
2021-5-11 16:9:10, 21.70, 56.50
2021-5-11 16:9:13, 21.70, 56.50
2021-5-11 16:9:16, 21.70, 56.60
2021-5-11 16:9:19, 21.70, 56.60
2021-5-11 16:9:22, 21.70, 56.60
2021-5-11 16:9:25, 21.70, 56.60
2021-5-11 16:9:28, 21.70, 56.60
2021-5-11 16:9:32, 21.70, 56.50
2021-5-11 16:9:35, 21.70, 56.50
2021-5-11 16:9:38, 21.70, 56.50
2021-5-11 16:9:41, 21.70, 56.50
2021-5-11 16:9:44, 21.70, 56.50
2021-5-11 16:9:47, 21.70, 56.50
2021-5-11 16:9:50, 21.70, 56.50
2021-5-11 16:9:53, 21.70, 56.50
2021-5-11 16:9:56, 21.70, 56.50
2021-5-11 16:9:59, 21.70, 56.50
2021-5-11 16:10:2, 21.70, 56.50
2021-5-11 16:10:5, 21.70, 56.50
2021-5-11 16:10:8, 21.70, 56.50
2021-5-11 16:10:11, 21.70, 56.50
2021-5-11 16:10:14, 21.70, 56.50
2021-5-11 16:10:17, 21.70, 56.50
2021-5-11 16:10:20, 21.70, 56.50
2021-5-11 16:10:23, 21.70, 56.40
2021-5-11 16:10:26, 21.70, 56.40
2021-5-11 16:10:29, 21.70, 56.40
2021-5-11 16:10:32, 21.70, 56.40
2021-5-11 16:10:35, 21.70, 56.40
2021-5-11 16:10:38, 21.70, 56.40
2021-5-11 16:10:41, 21.70, 56.40
2021-5-11 16:10:44, 21.70, 56.40
2021-5-11 16:10:47, 21.70, 56.40
2021-5-11 16:10:50, 21.70, 56.40
2021-5-11 16:10:53, 21.70, 56.40
2021-5-11 16:10:56, 21.70, 56.40
2021-5-11 16:10:59, 21.70, 56.40
2021-5-11 16:11:2, 21.70, 56.40
2021-5-11 16:11:5, 21.70, 56.40
2021-5-11 16:11:8, 21.70, 56.40
2021-5-11 16:11:11, 21.70, 56.40
2021-5-11 16:11:14, 21.70, 56.50
2021-5-11 16:11:17, 21.70, 56.50
2021-5-11 16:11:20, 21.70, 56.40
2021-5-11 16:11:23, 21.70, 56.40
2021-5-11 16:11:26, 21.70, 56.40
2021-5-11 16:11:29, 21.70, 56.40
2021-5-11 16:11:32, 21.70, 56.40
2021-5-11 16:11:35, 21.70, 56.40
2021-5-11 16:11:38, 21.70, 56.40
2021-5-11 16:11:41, 21.70, 56.40
2021-5-11 16:11:44, 21.70, 56.50
2021-5-11 16:11:47, 21.70, 56.50
2021-5-11 16:11:50, 21.70, 56.50
2021-5-11 16:11:53, 21.70, 56.50
2021-5-11 16:11:56, 21.70, 56.50
2021-5-11 16:11:59, 21.70, 56.50
2021-5-11 16:12:2, 21.70, 56.50
2021-5-11 16:12:5, 21.70, 56.50
2021-5-11 16:12:8, 21.70, 56.50
2021-5-11 16:12:11, 21.70, 56.50
2021-5-11 16:12:14, 21.70, 56.50
2021-5-11 16:12:17, 21.70, 56.50
2021-5-11 16:12:20, 21.70, 56.50
2021-5-11 16:12:23, 21.70, 56.50
2021-5-11 16:12:26, 21.70, 56.50
2021-5-11 16:12:29, 21.70, 56.50
2021-5-11 16:12:32, 21.70, 56.50
2021-5-11 16:12:35, 21.70, 56.50
2021-5-11 16:12:38, 21.70, 56.50
2021-5-11 16:12:41, 21.70, 56.50
2021-5-11 16:12:44, 21.70, 56.50
2021-5-11 16:12:47, 21.70, 56.50
2021-5-11 16:12:50, 21.70, 56.50
2021-5-11 16:12:53, 21.70, 56.50
2021-5-11 16:12:56, 21.70, 56.50
2021-5-11 16:12:59, 21.70, 56.50
2021-5-11 16:13:2, 21.70, 56.50
2021-5-11 16:13:5, 21.70, 56.50
2021-5-11 16:13:8, 21.70, 56.50
2021-5-11 16:13:11, 21.70, 56.50
2021-5-11 16:13:14, 21.70, 56.50
2021-5-11 16:13:17, 21.70, 56.50
2021-5-11 16:13:20, 21.70, 56.50
2021-5-11 16:13:23, 21.70, 56.50
2021-5-11 16:13:26, 21.70, 56.50
2021-5-11 16:13:29, 21.70, 56.50
2021-5-11 16:13:32, 21.70, 56.50
2021-5-11 16:13:35, 21.70, 56.50
2021-5-11 16:13:38, 21.70, 56.50
2021-5-11 16:13:41, 21.70, 56.50
2021-5-11 16:13:44, 21.70, 56.50
2021-5-11 16:13:47, 21.70, 56.50
2021-5-11 16:13:50, 21.70, 56.50
2021-5-11 16:13:53, 21.70, 56.50
2021-5-11 16:13:56, 21.70, 56.50
2021-5-11 16:13:59, 21.70, 56.50
2021-5-11 16:14:2, 21.70, 56.50
2021-5-11 16:14:5, 21.70, 56.60
2021-5-11 16:14:8, 21.70, 56.60
2021-5-11 16:14:11, 21.70, 56.60
2021-5-11 16:14:14, 21.70, 56.60
2021-5-11 16:14:17, 21.70, 56.60
2021-5-11 16:14:20, 21.70, 56.60
2021-5-11 16:14:23, 21.70, 56.60
2021-5-11 16:14:26, 21.70, 56.50
2021-5-11 16:14:29, 21.70, 56.50
2021-5-11 16:14:32, 21.70, 56.50
2021-5-11 16:14:35, 21.70, 56.50
2021-5-11 16:14:38, 21.70, 56.50
2021-5-11 16:14:41, 21.70, 56.50
2021-5-11 16:14:44, 21.70, 56.50
2021-5-11 16:14:47, 21.70, 56.50
2021-5-11 16:14:50, 21.70, 56.50
2021-5-11 16:14:53, 21.70, 56.50
2021-5-11 16:14:56, 21.70, 56.50
2021-5-11 16:14:59, 21.70, 56.50
2021-5-11 16:15:2, 21.70, 56.50
2021-5-11 16:15:5, 21.70, 56.50
2021-5-11 16:15:8, 21.70, 56.50
2021-5-11 16:15:11, 21.70, 56.50
2021-5-11 16:15:14, 21.70, 56.50
2021-5-11 16:15:17, 21.70, 56.50
2021-5-11 16:15:20, 21.70, 56.50
2021-5-11 16:15:23, 21.70, 56.50
2021-5-11 16:15:26, 21.70, 56.40
2021-5-11 16:15:29, 21.70, 56.40
2021-5-11 16:15:32, 21.70, 56.40
2021-5-11 16:15:35, 21.70, 56.40
2021-5-11 16:15:38, 21.70, 56.40
2021-5-11 16:15:41, 21.70, 56.40
2021-5-11 16:15:44, 21.70, 56.40
2021-5-11 16:15:47, 21.70, 56.40
2021-5-11 16:15:50, 21.70, 56.40
2021-5-11 16:15:53, 21.70, 56.40
2021-5-11 16:15:56, 21.70, 56.40
2021-5-11 16:15:59, 21.70, 56.40
2021-5-11 16:16:2, 21.70, 56.40
2021-5-11 16:16:5, 21.70, 56.40
2021-5-11 16:16:8, 21.70, 56.40
2021-5-11 16:16:11, 21.70, 56.40
2021-5-11 16:16:14, 21.70, 56.40
2021-5-11 16:16:17, 21.70, 56.40
2021-5-11 16:16:20, 21.70, 56.40
2021-5-11 16:16:23, 21.70, 56.40
2021-5-11 16:16:26, 21.70, 56.40
2021-5-11 16:16:29, 21.70, 56.40
2021-5-11 16:16:32, 21.70, 56.40
2021-5-11 16:16:35, 21.70, 56.40
2021-5-11 16:16:39, 21.70, 56.40
2021-5-11 16:16:42, 21.70, 56.40
2021-5-11 16:16:45, 21.70, 56.40
2021-5-11 16:16:48, 21.70, 56.40
2021-5-11 16:16:51, 21.70, 56.40
2021-5-11 16:16:54, 21.70, 56.40
2021-5-11 16:16:57, 21.70, 56.40
2021-5-11 16:17:0, 21.70, 56.40
2021-5-11 16:17:3, 21.70, 56.40
2021-5-11 16:17:6, 21.70, 56.40
2021-5-11 16:17:9, 21.70, 56.40
2021-5-11 16:17:12, 21.70, 56.40
2021-5-11 16:17:15, 21.70, 56.40
2021-5-11 16:17:18, 21.70, 56.40
2021-5-11 16:17:21, 21.70, 56.40
